<?xml version="1.0" encoding="UTF-8"?>
<!-- Generated by org.testng.reporters.JUnitReportReporter -->
<testsuite hostname="LAPTOP-19EDATKG" failures="0" tests="1" name="testing.BasicClass" time="0.215" errors="0" timestamp="2024-07-15T12:56:00 IST" skipped="0">
  <testcase classname="testing.BasicClass" name="firstTest" time="0.215"/>
</testsuite> <!-- testing.BasicClass -->
