<?xml version="1.0" encoding="UTF-8"?>
<!-- Generated by org.testng.reporters.JUnitReportReporter -->
<testsuite hostname="LAPTOP-19EDATKG" failures="0" tests="1" name="testing.TestJenkinsAndGit" time="0.350" errors="0" timestamp="2025-02-03T18:17:30 IST" skipped="0">
  <testcase classname="testing.TestJenkinsAndGit" name="firstTest" time="0.350"/>
</testsuite> <!-- testing.TestJenkinsAndGit -->
