<?xml version="1.0" encoding="UTF-8"?>
<!-- Generated by org.testng.reporters.JUnitReportReporter -->
<testsuite hostname="LAPTOP-19EDATKG" failures="0" tests="1" name="testing.BasicClass" time="0.273" errors="0" timestamp="2024-07-16T21:59:53 IST" skipped="0">
  <testcase classname="testing.BasicClass" name="firstTest" time="0.273"/>
</testsuite> <!-- testing.BasicClass -->
