<?xml version="1.0" encoding="UTF-8"?>
<!-- Generated by org.testng.reporters.JUnitReportReporter -->
<testsuite hostname="LAPTOP-19EDATKG" failures="0" tests="1" name="testing.BasicClass" time="0.291" errors="0" timestamp="2024-07-15T12:58:17 IST" skipped="0">
  <testcase classname="testing.BasicClass" name="firstTest" time="0.291"/>
</testsuite> <!-- testing.BasicClass -->
